/root/node_modules/xterm/
server start
/root/node_modules/xterm/
server start
node:events:371
      throw er; // Unhandled 'error' event
      ^

Error: listen EADDRINUSE: address already in use :::8049
    at Server.setupListenHandle [as _listen2] (node:net:1306:16)
    at listenInCluster (node:net:1354:12)
    at Server.listen (node:net:1441:7)
    at Object.<anonymous> (/root/server/server/server.js:4:54)
    at Module._compile (node:internal/modules/cjs/loader:1109:14)
    at Object.Module._extensions..js (node:internal/modules/cjs/loader:1138:10)
    at Module.load (node:internal/modules/cjs/loader:989:32)
    at Function.Module._load (node:internal/modules/cjs/loader:829:14)
    at Function.executeUserEntryPoint [as runMain] (node:internal/modules/run_main:76:12)
    at node:internal/main/run_main_module:17:47
Emitted 'error' event on Server instance at:
    at emitErrorNT (node:net:1333:8)
    at processTicksAndRejections (node:internal/process/task_queues:83:21) {
  code: 'EADDRINUSE',
  errno: -98,
  syscall: 'listen',
  address: '::',
  port: 8049
}
/root/node_modules/xterm/
server start
/root/node_modules/xterm/
server start
